2025-10-13 17:36:04,455 - INFO - Using device: cuda
2025-10-13 17:36:04,455 - INFO - Loading train: data_pipeline\data\sequences_8q_train.parquet
2025-10-13 17:36:04,485 - INFO - Loading val:   data_pipeline\data\sequences_8q_val.parquet
2025-10-13 17:36:04,490 - INFO - Loading test:  data_pipeline\data\sequences_8q_test.parquet
2025-10-13 17:36:04,496 - INFO - Train: 19120 rows, 2390 sequences, 101 tickers
2025-10-13 17:36:04,496 - INFO - Val: 3728 rows, 466 sequences, 22 tickers
2025-10-13 17:36:04,497 - INFO - Test: 4776 rows, 597 sequences, 21 tickers
2025-10-13 17:36:04,497 - INFO - Using 62 features
2025-10-13 17:36:04,497 - INFO - Feature categories: {'technical': 3, 'fundamental': 9, 'text': 32, 'other': 18}
2025-10-13 17:36:04,497 - INFO - Normalizing features (Q1–Q7 only; Q8 excluded)...
2025-10-13 17:36:07,070 - INFO - Loaded 2390 valid sequences (7q -> Q8 target_price)
2025-10-13 17:36:07,396 - INFO - Loaded 466 valid sequences (7q -> Q8 target_price)
2025-10-13 17:36:07,824 - INFO - Loaded 597 valid sequences (7q -> Q8 target_price)
2025-10-13 17:36:07,824 - INFO - Dataset sizes — Train: 2390, Val: 466, Test: 597
2025-10-13 17:36:07,890 - INFO - Created model with 543,361 parameters
2025-10-13 17:36:07,891 - INFO - Architecture: 2-layer unidirectional LSTM (192 units) -> Attn+Residual-Head ( + y7_log ) -> \u0394log -> y8_log
2025-10-13 17:36:07,891 - INFO - ============================================================
2025-10-13 17:36:07,891 - INFO - STARTING TRAINING (log-space, residual to Q7)
2025-10-13 17:36:07,891 - INFO - ============================================================
2025-10-13 17:36:08,831 - INFO - Epoch 1/80
2025-10-13 17:36:08,831 - INFO -   Train Loss: 0.129151 | Val Loss: 0.066119
2025-10-13 17:36:08,831 - INFO -   Train MAPE: 0.2350 | Val MAPE: 0.1455
2025-10-13 17:36:08,831 - INFO -   Train RMSE (raw): 45.0910 | Val RMSE (raw): 26.2715
2025-10-13 17:36:08,831 - INFO -   Train IC: 0.9365 | Val IC: 0.9632
2025-10-13 17:36:08,840 - INFO -   Saved best model (val MAPE: 0.1455)
2025-10-13 17:36:08,962 - INFO - Epoch 2/80
2025-10-13 17:36:08,962 - INFO -   Train Loss: 0.077745 | Val Loss: 0.065743
2025-10-13 17:36:08,962 - INFO -   Train MAPE: 0.1783 | Val MAPE: 0.1450
2025-10-13 17:36:08,962 - INFO -   Train RMSE (raw): 33.9090 | Val RMSE (raw): 26.2353
2025-10-13 17:36:08,962 - INFO -   Train IC: 0.9634 | Val IC: 0.9635
2025-10-13 17:36:08,969 - INFO -   Saved best model (val MAPE: 0.1450)
2025-10-13 17:36:09,093 - INFO - Epoch 3/80
2025-10-13 17:36:09,093 - INFO -   Train Loss: 0.076627 | Val Loss: 0.067147
2025-10-13 17:36:09,093 - INFO -   Train MAPE: 0.1762 | Val MAPE: 0.1495
2025-10-13 17:36:09,093 - INFO -   Train RMSE (raw): 33.9071 | Val RMSE (raw): 25.6080
2025-10-13 17:36:09,093 - INFO -   Train IC: 0.9635 | Val IC: 0.9653
2025-10-13 17:36:09,217 - INFO - Epoch 4/80
2025-10-13 17:36:09,218 - INFO -   Train Loss: 0.073687 | Val Loss: 0.067074
2025-10-13 17:36:09,218 - INFO -   Train MAPE: 0.1725 | Val MAPE: 0.1498
2025-10-13 17:36:09,218 - INFO -   Train RMSE (raw): 33.8731 | Val RMSE (raw): 25.1897
2025-10-13 17:36:09,218 - INFO -   Train IC: 0.9638 | Val IC: 0.9669
2025-10-13 17:36:09,336 - INFO - Epoch 5/80
2025-10-13 17:36:09,336 - INFO -   Train Loss: 0.071326 | Val Loss: 0.076052
2025-10-13 17:36:09,336 - INFO -   Train MAPE: 0.1709 | Val MAPE: 0.1627
2025-10-13 17:36:09,336 - INFO -   Train RMSE (raw): 32.7425 | Val RMSE (raw): 26.6157
2025-10-13 17:36:09,336 - INFO -   Train IC: 0.9659 | Val IC: 0.9690
2025-10-13 17:36:09,458 - INFO - Epoch 6/80
2025-10-13 17:36:09,458 - INFO -   Train Loss: 0.067982 | Val Loss: 0.062729
2025-10-13 17:36:09,458 - INFO -   Train MAPE: 0.1651 | Val MAPE: 0.1420
2025-10-13 17:36:09,458 - INFO -   Train RMSE (raw): 31.8165 | Val RMSE (raw): 25.2600
2025-10-13 17:36:09,458 - INFO -   Train IC: 0.9690 | Val IC: 0.9665
2025-10-13 17:36:09,464 - INFO -   Saved best model (val MAPE: 0.1420)
2025-10-13 17:36:09,582 - INFO - Epoch 7/80
2025-10-13 17:36:09,582 - INFO -   Train Loss: 0.067585 | Val Loss: 0.062718
2025-10-13 17:36:09,582 - INFO -   Train MAPE: 0.1621 | Val MAPE: 0.1418
2025-10-13 17:36:09,582 - INFO -   Train RMSE (raw): 31.1589 | Val RMSE (raw): 24.6059
2025-10-13 17:36:09,582 - INFO -   Train IC: 0.9692 | Val IC: 0.9676
2025-10-13 17:36:09,589 - INFO -   Saved best model (val MAPE: 0.1418)
2025-10-13 17:36:09,738 - INFO - Epoch 8/80
2025-10-13 17:36:09,738 - INFO -   Train Loss: 0.065690 | Val Loss: 0.061950
2025-10-13 17:36:09,738 - INFO -   Train MAPE: 0.1630 | Val MAPE: 0.1406
2025-10-13 17:36:09,738 - INFO -   Train RMSE (raw): 31.5529 | Val RMSE (raw): 23.8422
2025-10-13 17:36:09,738 - INFO -   Train IC: 0.9690 | Val IC: 0.9697
2025-10-13 17:36:09,747 - INFO -   Saved best model (val MAPE: 0.1406)
2025-10-13 17:36:09,878 - INFO - Epoch 9/80
2025-10-13 17:36:09,878 - INFO -   Train Loss: 0.063772 | Val Loss: 0.076095
2025-10-13 17:36:09,878 - INFO -   Train MAPE: 0.1590 | Val MAPE: 0.1671
2025-10-13 17:36:09,878 - INFO -   Train RMSE (raw): 30.1226 | Val RMSE (raw): 25.9639
2025-10-13 17:36:09,878 - INFO -   Train IC: 0.9714 | Val IC: 0.9686
2025-10-13 17:36:09,998 - INFO - Epoch 10/80
2025-10-13 17:36:09,998 - INFO -   Train Loss: 0.061790 | Val Loss: 0.065893
2025-10-13 17:36:09,998 - INFO -   Train MAPE: 0.1555 | Val MAPE: 0.1491
2025-10-13 17:36:09,998 - INFO -   Train RMSE (raw): 31.0040 | Val RMSE (raw): 23.7927
2025-10-13 17:36:09,998 - INFO -   Train IC: 0.9699 | Val IC: 0.9701
2025-10-13 17:36:10,124 - INFO - Epoch 11/80
2025-10-13 17:36:10,124 - INFO -   Train Loss: 0.062089 | Val Loss: 0.062555
2025-10-13 17:36:10,124 - INFO -   Train MAPE: 0.1555 | Val MAPE: 0.1422
2025-10-13 17:36:10,124 - INFO -   Train RMSE (raw): 30.7246 | Val RMSE (raw): 23.4285
2025-10-13 17:36:10,124 - INFO -   Train IC: 0.9711 | Val IC: 0.9712
2025-10-13 17:36:10,258 - INFO - Epoch 12/80
2025-10-13 17:36:10,258 - INFO -   Train Loss: 0.061948 | Val Loss: 0.063609
2025-10-13 17:36:10,258 - INFO -   Train MAPE: 0.1538 | Val MAPE: 0.1458
2025-10-13 17:36:10,258 - INFO -   Train RMSE (raw): 30.2198 | Val RMSE (raw): 23.7804
2025-10-13 17:36:10,258 - INFO -   Train IC: 0.9716 | Val IC: 0.9703
2025-10-13 17:36:10,390 - INFO - Epoch 13/80
2025-10-13 17:36:10,390 - INFO -   Train Loss: 0.057817 | Val Loss: 0.069297
2025-10-13 17:36:10,390 - INFO -   Train MAPE: 0.1487 | Val MAPE: 0.1569
2025-10-13 17:36:10,390 - INFO -   Train RMSE (raw): 29.3363 | Val RMSE (raw): 25.0069
2025-10-13 17:36:10,390 - INFO -   Train IC: 0.9729 | Val IC: 0.9693
2025-10-13 17:36:10,509 - INFO - Epoch 14/80
2025-10-13 17:36:10,509 - INFO -   Train Loss: 0.056103 | Val Loss: 0.072122
2025-10-13 17:36:10,509 - INFO -   Train MAPE: 0.1457 | Val MAPE: 0.1610
2025-10-13 17:36:10,509 - INFO -   Train RMSE (raw): 27.5262 | Val RMSE (raw): 25.5528
2025-10-13 17:36:10,509 - INFO -   Train IC: 0.9765 | Val IC: 0.9684
2025-10-13 17:36:10,626 - INFO - Epoch 15/80
2025-10-13 17:36:10,626 - INFO -   Train Loss: 0.052495 | Val Loss: 0.067861
2025-10-13 17:36:10,626 - INFO -   Train MAPE: 0.1402 | Val MAPE: 0.1501
2025-10-13 17:36:10,626 - INFO -   Train RMSE (raw): 25.2196 | Val RMSE (raw): 25.0927
2025-10-13 17:36:10,626 - INFO -   Train IC: 0.9800 | Val IC: 0.9677
2025-10-13 17:36:10,749 - INFO - Epoch 16/80
2025-10-13 17:36:10,749 - INFO -   Train Loss: 0.049274 | Val Loss: 0.061525
2025-10-13 17:36:10,749 - INFO -   Train MAPE: 0.1341 | Val MAPE: 0.1415
2025-10-13 17:36:10,749 - INFO -   Train RMSE (raw): 27.5478 | Val RMSE (raw): 24.2361
2025-10-13 17:36:10,749 - INFO -   Train IC: 0.9760 | Val IC: 0.9688
2025-10-13 17:36:10,865 - INFO - Epoch 17/80
2025-10-13 17:36:10,865 - INFO -   Train Loss: 0.049259 | Val Loss: 0.062277
2025-10-13 17:36:10,865 - INFO -   Train MAPE: 0.1331 | Val MAPE: 0.1404
2025-10-13 17:36:10,865 - INFO -   Train RMSE (raw): 26.3642 | Val RMSE (raw): 25.3431
2025-10-13 17:36:10,865 - INFO -   Train IC: 0.9781 | Val IC: 0.9669
2025-10-13 17:36:10,872 - INFO -   Saved best model (val MAPE: 0.1404)
2025-10-13 17:36:10,991 - INFO - Epoch 18/80
2025-10-13 17:36:10,991 - INFO -   Train Loss: 0.044434 | Val Loss: 0.063955
2025-10-13 17:36:10,991 - INFO -   Train MAPE: 0.1272 | Val MAPE: 0.1449
2025-10-13 17:36:10,991 - INFO -   Train RMSE (raw): 22.5273 | Val RMSE (raw): 24.7373
2025-10-13 17:36:10,991 - INFO -   Train IC: 0.9840 | Val IC: 0.9680
2025-10-13 17:36:11,103 - INFO - Epoch 19/80
2025-10-13 17:36:11,103 - INFO -   Train Loss: 0.040945 | Val Loss: 0.069822
2025-10-13 17:36:11,103 - INFO -   Train MAPE: 0.1181 | Val MAPE: 0.1547
2025-10-13 17:36:11,103 - INFO -   Train RMSE (raw): 24.4040 | Val RMSE (raw): 26.0258
2025-10-13 17:36:11,103 - INFO -   Train IC: 0.9817 | Val IC: 0.9661
2025-10-13 17:36:11,220 - INFO - Epoch 20/80
2025-10-13 17:36:11,220 - INFO -   Train Loss: 0.037275 | Val Loss: 0.075094
2025-10-13 17:36:11,220 - INFO -   Train MAPE: 0.1127 | Val MAPE: 0.1662
2025-10-13 17:36:11,220 - INFO -   Train RMSE (raw): 22.7116 | Val RMSE (raw): 27.8010
2025-10-13 17:36:11,220 - INFO -   Train IC: 0.9841 | Val IC: 0.9646
2025-10-13 17:36:11,336 - INFO - Epoch 21/80
2025-10-13 17:36:11,337 - INFO -   Train Loss: 0.035967 | Val Loss: 0.060148
2025-10-13 17:36:11,337 - INFO -   Train MAPE: 0.1080 | Val MAPE: 0.1402
2025-10-13 17:36:11,337 - INFO -   Train RMSE (raw): 19.9903 | Val RMSE (raw): 24.5733
2025-10-13 17:36:11,337 - INFO -   Train IC: 0.9875 | Val IC: 0.9677
2025-10-13 17:36:11,343 - INFO -   Saved best model (val MAPE: 0.1402)
2025-10-13 17:36:11,458 - INFO - Epoch 22/80
2025-10-13 17:36:11,458 - INFO -   Train Loss: 0.031563 | Val Loss: 0.073104
2025-10-13 17:36:11,458 - INFO -   Train MAPE: 0.1015 | Val MAPE: 0.1621
2025-10-13 17:36:11,458 - INFO -   Train RMSE (raw): 20.0210 | Val RMSE (raw): 26.1185
2025-10-13 17:36:11,458 - INFO -   Train IC: 0.9874 | Val IC: 0.9676
2025-10-13 17:36:11,583 - INFO - Epoch 23/80
2025-10-13 17:36:11,583 - INFO -   Train Loss: 0.030172 | Val Loss: 0.058920
2025-10-13 17:36:11,583 - INFO -   Train MAPE: 0.0991 | Val MAPE: 0.1366
2025-10-13 17:36:11,583 - INFO -   Train RMSE (raw): 21.0200 | Val RMSE (raw): 24.4235
2025-10-13 17:36:11,583 - INFO -   Train IC: 0.9861 | Val IC: 0.9682
2025-10-13 17:36:11,589 - INFO -   Saved best model (val MAPE: 0.1366)
2025-10-13 17:36:11,705 - INFO - Epoch 24/80
2025-10-13 17:36:11,705 - INFO -   Train Loss: 0.027598 | Val Loss: 0.063965
2025-10-13 17:36:11,705 - INFO -   Train MAPE: 0.0942 | Val MAPE: 0.1461
2025-10-13 17:36:11,705 - INFO -   Train RMSE (raw): 19.0263 | Val RMSE (raw): 25.3874
2025-10-13 17:36:11,705 - INFO -   Train IC: 0.9886 | Val IC: 0.9669
2025-10-13 17:36:11,825 - INFO - Epoch 25/80
2025-10-13 17:36:11,825 - INFO -   Train Loss: 0.027362 | Val Loss: 0.069346
2025-10-13 17:36:11,825 - INFO -   Train MAPE: 0.0920 | Val MAPE: 0.1568
2025-10-13 17:36:11,825 - INFO -   Train RMSE (raw): 18.2556 | Val RMSE (raw): 26.3339
2025-10-13 17:36:11,825 - INFO -   Train IC: 0.9897 | Val IC: 0.9683
2025-10-13 17:36:11,942 - INFO - Epoch 26/80
2025-10-13 17:36:11,942 - INFO -   Train Loss: 0.027703 | Val Loss: 0.074576
2025-10-13 17:36:11,942 - INFO -   Train MAPE: 0.0940 | Val MAPE: 0.1691
2025-10-13 17:36:11,942 - INFO -   Train RMSE (raw): 18.3790 | Val RMSE (raw): 28.3313
2025-10-13 17:36:11,942 - INFO -   Train IC: 0.9894 | Val IC: 0.9655
2025-10-13 17:36:12,058 - INFO - Epoch 27/80
2025-10-13 17:36:12,058 - INFO -   Train Loss: 0.022975 | Val Loss: 0.058305
2025-10-13 17:36:12,058 - INFO -   Train MAPE: 0.0848 | Val MAPE: 0.1381
2025-10-13 17:36:12,058 - INFO -   Train RMSE (raw): 16.1843 | Val RMSE (raw): 24.4976
2025-10-13 17:36:12,058 - INFO -   Train IC: 0.9919 | Val IC: 0.9680
2025-10-13 17:36:12,180 - INFO - Epoch 28/80
2025-10-13 17:36:12,182 - INFO -   Train Loss: 0.022620 | Val Loss: 0.057976
2025-10-13 17:36:12,182 - INFO -   Train MAPE: 0.0817 | Val MAPE: 0.1365
2025-10-13 17:36:12,182 - INFO -   Train RMSE (raw): 17.8046 | Val RMSE (raw): 24.5754
2025-10-13 17:36:12,182 - INFO -   Train IC: 0.9901 | Val IC: 0.9677
2025-10-13 17:36:12,187 - INFO -   Saved best model (val MAPE: 0.1365)
2025-10-13 17:36:12,305 - INFO - Epoch 29/80
2025-10-13 17:36:12,305 - INFO -   Train Loss: 0.020024 | Val Loss: 0.060637
2025-10-13 17:36:12,305 - INFO -   Train MAPE: 0.0775 | Val MAPE: 0.1416
2025-10-13 17:36:12,305 - INFO -   Train RMSE (raw): 15.9063 | Val RMSE (raw): 24.6614
2025-10-13 17:36:12,305 - INFO -   Train IC: 0.9921 | Val IC: 0.9680
2025-10-13 17:36:12,421 - INFO - Epoch 30/80
2025-10-13 17:36:12,421 - INFO -   Train Loss: 0.020835 | Val Loss: 0.058196
2025-10-13 17:36:12,421 - INFO -   Train MAPE: 0.0790 | Val MAPE: 0.1373
2025-10-13 17:36:12,421 - INFO -   Train RMSE (raw): 16.5130 | Val RMSE (raw): 24.9080
2025-10-13 17:36:12,421 - INFO -   Train IC: 0.9915 | Val IC: 0.9672
2025-10-13 17:36:12,544 - INFO - Epoch 31/80
2025-10-13 17:36:12,544 - INFO -   Train Loss: 0.018837 | Val Loss: 0.059471
2025-10-13 17:36:12,544 - INFO -   Train MAPE: 0.0759 | Val MAPE: 0.1421
2025-10-13 17:36:12,544 - INFO -   Train RMSE (raw): 15.5353 | Val RMSE (raw): 25.8567
2025-10-13 17:36:12,545 - INFO -   Train IC: 0.9924 | Val IC: 0.9653
2025-10-13 17:36:12,682 - INFO - Epoch 32/80
2025-10-13 17:36:12,682 - INFO -   Train Loss: 0.022491 | Val Loss: 0.058078
2025-10-13 17:36:12,682 - INFO -   Train MAPE: 0.0971 | Val MAPE: 0.1386
2025-10-13 17:36:12,682 - INFO -   Train RMSE (raw): 333.5657 | Val RMSE (raw): 24.7827
2025-10-13 17:36:12,682 - INFO -   Train IC: 0.3804 | Val IC: 0.9674
2025-10-13 17:36:12,800 - INFO - Epoch 33/80
2025-10-13 17:36:12,800 - INFO -   Train Loss: 0.020136 | Val Loss: 0.057710
2025-10-13 17:36:12,800 - INFO -   Train MAPE: 0.0782 | Val MAPE: 0.1367
2025-10-13 17:36:12,800 - INFO -   Train RMSE (raw): 18.5717 | Val RMSE (raw): 25.4419
2025-10-13 17:36:12,800 - INFO -   Train IC: 0.9892 | Val IC: 0.9662
2025-10-13 17:36:12,921 - INFO - Epoch 34/80
2025-10-13 17:36:12,922 - INFO -   Train Loss: 0.018741 | Val Loss: 0.058829
2025-10-13 17:36:12,922 - INFO -   Train MAPE: 0.0739 | Val MAPE: 0.1399
2025-10-13 17:36:12,922 - INFO -   Train RMSE (raw): 18.4303 | Val RMSE (raw): 25.4752
2025-10-13 17:36:12,922 - INFO -   Train IC: 0.9894 | Val IC: 0.9664
2025-10-13 17:36:13,037 - INFO - Epoch 35/80
2025-10-13 17:36:13,037 - INFO -   Train Loss: 0.016997 | Val Loss: 0.056435
2025-10-13 17:36:13,038 - INFO -   Train MAPE: 0.0701 | Val MAPE: 0.1361
2025-10-13 17:36:13,038 - INFO -   Train RMSE (raw): 16.4962 | Val RMSE (raw): 24.9872
2025-10-13 17:36:13,038 - INFO -   Train IC: 0.9916 | Val IC: 0.9670
2025-10-13 17:36:13,045 - INFO -   Saved best model (val MAPE: 0.1361)
2025-10-13 17:36:13,175 - INFO - Epoch 36/80
2025-10-13 17:36:13,175 - INFO -   Train Loss: 0.017272 | Val Loss: 0.057806
2025-10-13 17:36:13,175 - INFO -   Train MAPE: 0.0708 | Val MAPE: 0.1393
2025-10-13 17:36:13,175 - INFO -   Train RMSE (raw): 17.3196 | Val RMSE (raw): 25.5184
2025-10-13 17:36:13,175 - INFO -   Train IC: 0.9906 | Val IC: 0.9662
2025-10-13 17:36:13,298 - INFO - Epoch 37/80
2025-10-13 17:36:13,298 - INFO -   Train Loss: 0.016848 | Val Loss: 0.058323
2025-10-13 17:36:13,298 - INFO -   Train MAPE: 0.0696 | Val MAPE: 0.1384
2025-10-13 17:36:13,298 - INFO -   Train RMSE (raw): 15.6176 | Val RMSE (raw): 25.3608
2025-10-13 17:36:13,298 - INFO -   Train IC: 0.9924 | Val IC: 0.9665
2025-10-13 17:36:13,415 - INFO - Epoch 38/80
2025-10-13 17:36:13,415 - INFO -   Train Loss: 0.017285 | Val Loss: 0.057867
2025-10-13 17:36:13,415 - INFO -   Train MAPE: 0.0701 | Val MAPE: 0.1376
2025-10-13 17:36:13,415 - INFO -   Train RMSE (raw): 14.4120 | Val RMSE (raw): 25.2152
2025-10-13 17:36:13,415 - INFO -   Train IC: 0.9935 | Val IC: 0.9666
2025-10-13 17:36:13,530 - INFO - Epoch 39/80
2025-10-13 17:36:13,530 - INFO -   Train Loss: 0.015193 | Val Loss: 0.056463
2025-10-13 17:36:13,530 - INFO -   Train MAPE: 0.0664 | Val MAPE: 0.1353
2025-10-13 17:36:13,530 - INFO -   Train RMSE (raw): 13.9051 | Val RMSE (raw): 24.9753
2025-10-13 17:36:13,530 - INFO -   Train IC: 0.9940 | Val IC: 0.9670
2025-10-13 17:36:13,537 - INFO -   Saved best model (val MAPE: 0.1353)
2025-10-13 17:36:13,653 - INFO - Epoch 40/80
2025-10-13 17:36:13,653 - INFO -   Train Loss: 0.013504 | Val Loss: 0.057765
2025-10-13 17:36:13,653 - INFO -   Train MAPE: 0.0619 | Val MAPE: 0.1372
2025-10-13 17:36:13,653 - INFO -   Train RMSE (raw): 13.8471 | Val RMSE (raw): 25.2343
2025-10-13 17:36:13,653 - INFO -   Train IC: 0.9940 | Val IC: 0.9661
2025-10-13 17:36:13,779 - INFO - Epoch 41/80
2025-10-13 17:36:13,779 - INFO -   Train Loss: 0.013992 | Val Loss: 0.060236
2025-10-13 17:36:13,779 - INFO -   Train MAPE: 0.0632 | Val MAPE: 0.1416
2025-10-13 17:36:13,779 - INFO -   Train RMSE (raw): 13.3186 | Val RMSE (raw): 25.6335
2025-10-13 17:36:13,779 - INFO -   Train IC: 0.9945 | Val IC: 0.9663
2025-10-13 17:36:13,896 - INFO - Epoch 42/80
2025-10-13 17:36:13,896 - INFO -   Train Loss: 0.012663 | Val Loss: 0.065270
2025-10-13 17:36:13,896 - INFO -   Train MAPE: 0.0595 | Val MAPE: 0.1506
2025-10-13 17:36:13,896 - INFO -   Train RMSE (raw): 13.4483 | Val RMSE (raw): 25.9753
2025-10-13 17:36:13,896 - INFO -   Train IC: 0.9943 | Val IC: 0.9664
2025-10-13 17:36:14,033 - INFO - Epoch 43/80
2025-10-13 17:36:14,033 - INFO -   Train Loss: 0.011572 | Val Loss: 0.064377
2025-10-13 17:36:14,033 - INFO -   Train MAPE: 0.0567 | Val MAPE: 0.1492
2025-10-13 17:36:14,033 - INFO -   Train RMSE (raw): 11.0175 | Val RMSE (raw): 25.9855
2025-10-13 17:36:14,033 - INFO -   Train IC: 0.9962 | Val IC: 0.9668
2025-10-13 17:36:14,208 - INFO - Epoch 44/80
2025-10-13 17:36:14,208 - INFO -   Train Loss: 0.012956 | Val Loss: 0.064154
2025-10-13 17:36:14,208 - INFO -   Train MAPE: 0.0603 | Val MAPE: 0.1475
2025-10-13 17:36:14,208 - INFO -   Train RMSE (raw): 12.5690 | Val RMSE (raw): 26.3923
2025-10-13 17:36:14,208 - INFO -   Train IC: 0.9951 | Val IC: 0.9652
2025-10-13 17:36:14,378 - INFO - Epoch 45/80
2025-10-13 17:36:14,378 - INFO -   Train Loss: 0.011711 | Val Loss: 0.061409
2025-10-13 17:36:14,378 - INFO -   Train MAPE: 0.0562 | Val MAPE: 0.1429
2025-10-13 17:36:14,378 - INFO -   Train RMSE (raw): 10.3018 | Val RMSE (raw): 25.9272
2025-10-13 17:36:14,378 - INFO -   Train IC: 0.9967 | Val IC: 0.9658
2025-10-13 17:36:14,548 - INFO - Epoch 46/80
2025-10-13 17:36:14,548 - INFO -   Train Loss: 0.012266 | Val Loss: 0.062922
2025-10-13 17:36:14,548 - INFO -   Train MAPE: 0.0578 | Val MAPE: 0.1447
2025-10-13 17:36:14,548 - INFO -   Train RMSE (raw): 12.9226 | Val RMSE (raw): 26.1978
2025-10-13 17:36:14,549 - INFO -   Train IC: 0.9948 | Val IC: 0.9651
2025-10-13 17:36:14,723 - INFO - Epoch 47/80
2025-10-13 17:36:14,723 - INFO -   Train Loss: 0.012211 | Val Loss: 0.060468
2025-10-13 17:36:14,723 - INFO -   Train MAPE: 0.0578 | Val MAPE: 0.1415
2025-10-13 17:36:14,723 - INFO -   Train RMSE (raw): 11.8335 | Val RMSE (raw): 25.7647
2025-10-13 17:36:14,723 - INFO -   Train IC: 0.9956 | Val IC: 0.9659
2025-10-13 17:36:14,891 - INFO - Epoch 48/80
2025-10-13 17:36:14,891 - INFO -   Train Loss: 0.011904 | Val Loss: 0.063521
2025-10-13 17:36:14,892 - INFO -   Train MAPE: 0.0557 | Val MAPE: 0.1474
2025-10-13 17:36:14,892 - INFO -   Train RMSE (raw): 13.7484 | Val RMSE (raw): 25.8499
2025-10-13 17:36:14,892 - INFO -   Train IC: 0.9941 | Val IC: 0.9668
2025-10-13 17:36:15,056 - INFO - Epoch 49/80
2025-10-13 17:36:15,056 - INFO -   Train Loss: 0.011368 | Val Loss: 0.062762
2025-10-13 17:36:15,056 - INFO -   Train MAPE: 0.0575 | Val MAPE: 0.1469
2025-10-13 17:36:15,057 - INFO -   Train RMSE (raw): 12.1008 | Val RMSE (raw): 26.4338
2025-10-13 17:36:15,057 - INFO -   Train IC: 0.9954 | Val IC: 0.9655
2025-10-13 17:36:15,226 - INFO - Epoch 50/80
2025-10-13 17:36:15,226 - INFO -   Train Loss: 0.011283 | Val Loss: 0.063902
2025-10-13 17:36:15,226 - INFO -   Train MAPE: 0.0544 | Val MAPE: 0.1508
2025-10-13 17:36:15,226 - INFO -   Train RMSE (raw): 12.6934 | Val RMSE (raw): 26.5209
2025-10-13 17:36:15,226 - INFO -   Train IC: 0.9950 | Val IC: 0.9664
2025-10-13 17:36:15,391 - INFO - Epoch 51/80
2025-10-13 17:36:15,392 - INFO -   Train Loss: 0.010835 | Val Loss: 0.057642
2025-10-13 17:36:15,392 - INFO -   Train MAPE: 0.0537 | Val MAPE: 0.1385
2025-10-13 17:36:15,392 - INFO -   Train RMSE (raw): 10.3986 | Val RMSE (raw): 24.8904
2025-10-13 17:36:15,392 - INFO -   Train IC: 0.9966 | Val IC: 0.9676
2025-10-13 17:36:15,392 - INFO - Early stopping triggered after 51 epochs
2025-10-13 17:36:15,394 - INFO - Optimal epoch count saved: 39
2025-10-13 17:36:15,394 - INFO - ============================================================
2025-10-13 17:36:15,394 - INFO - TRAINING COMPLETE
2025-10-13 17:36:15,394 - INFO - ============================================================
2025-10-13 17:36:15,394 - INFO - Evaluating on test set...
2025-10-13 17:36:15,431 - INFO - ============================================================
2025-10-13 17:36:15,431 - INFO - TEST SET RESULTS (raw units)
2025-10-13 17:36:15,431 - INFO - ============================================================
2025-10-13 17:36:15,431 - INFO - Test Log-Loss: 0.056422
2025-10-13 17:36:15,431 - INFO - Test RMSE: 22.351067 | Test MAPE: 0.142508
2025-10-13 17:36:15,431 - INFO - Test MAE: 9.504634 | Test IC: 0.9774
2025-10-13 17:36:15,431 - INFO - ============================================================
2025-10-13 17:36:15,431 - INFO - DIRECTIONAL CLASSIFICATION (UP vs DOWN)
2025-10-13 17:36:15,432 - INFO - ============================================================
2025-10-13 17:36:15,432 - INFO - Overall Directional Accuracy: 0.6667 (398/597)
2025-10-13 17:36:15,432 - INFO - 
2025-10-13 17:36:15,432 - INFO - Class: UP (stock went up)
2025-10-13 17:36:15,432 - INFO -   Samples: 398 (66.7%)
2025-10-13 17:36:15,432 - INFO -   Accuracy: 1.0000 (398/398)
2025-10-13 17:36:15,432 - INFO - 
2025-10-13 17:36:15,432 - INFO - Class: DOWN (stock went down)
2025-10-13 17:36:15,432 - INFO -   Samples: 199 (33.3%)
2025-10-13 17:36:15,432 - INFO -   Accuracy: 0.0000 (0/199)
2025-10-13 17:36:15,432 - INFO - ============================================================
2025-10-13 17:36:15,432 - INFO - 
2025-10-13 17:36:15,432 - INFO - THRESHOLD ACCURACY (10%+ Growth Prediction)
2025-10-13 17:36:15,432 - INFO - ============================================================
2025-10-13 17:36:15,432 - INFO - Stocks that actually went up 10%+: 255 (42.7%)
2025-10-13 17:36:15,432 - INFO - Stocks model predicted would go up 10%+: 94 (15.7%)
2025-10-13 17:36:15,432 - INFO - 
2025-10-13 17:36:15,432 - INFO - True Positives (correctly identified 10%+ gainers): 55
2025-10-13 17:36:15,432 - INFO - False Positives (predicted 10%+ but didn't achieve it): 39
2025-10-13 17:36:15,432 - INFO - False Negatives (missed 10%+ gainers): 200
2025-10-13 17:36:15,432 - INFO - 
2025-10-13 17:36:15,432 - INFO - Recall (sensitivity): 0.2157
2025-10-13 17:36:15,432 - INFO -   \u2192 Of 255 stocks that went up 10%+, model identified 55
2025-10-13 17:36:15,432 - INFO - Precision: 0.5851
2025-10-13 17:36:15,432 - INFO -   \u2192 Of 94 stocks predicted to go up 10%+, 55 actually did
2025-10-13 17:36:15,432 - INFO - 
2025-10-13 17:36:15,432 - INFO - Average actual return for false positives: -2.73%
2025-10-13 17:36:15,432 - INFO -   \u2192 Stocks predicted to gain 10%+ but didn't actually gained -2.73% on average
2025-10-13 17:36:15,432 - INFO - ============================================================
[SUCCESS] Training complete!
[TEST RMSE] 22.3511
[TEST MAPE] 0.1425
[TEST IC]   0.9774
[MODEL] Saved to models\best_model.pt
