2025-10-13 17:36:09,623 - INFO - ================================================================================
2025-10-13 17:36:09,623 - INFO - RETRAINING MODE: Training on ALL data (train+val+test)
2025-10-13 17:36:09,623 - INFO - ================================================================================
2025-10-13 17:36:09,623 - INFO - STEP 1: Finding optimal epochs via validation...
2025-10-13 17:36:09,623 - INFO - ================================================================================
2025-10-13 17:36:09,633 - INFO - Using device: cuda
2025-10-13 17:36:09,633 - INFO - Loading train: data_pipeline\data\sequences_8q_train.parquet
2025-10-13 17:36:09,670 - INFO - Loading val:   data_pipeline\data\sequences_8q_val.parquet
2025-10-13 17:36:09,675 - INFO - Loading test:  data_pipeline\data\sequences_8q_test.parquet
2025-10-13 17:36:09,684 - INFO - Train: 19120 rows, 2390 sequences, 101 tickers
2025-10-13 17:36:09,684 - INFO - Val: 3728 rows, 466 sequences, 22 tickers
2025-10-13 17:36:09,684 - INFO - Test: 4776 rows, 597 sequences, 21 tickers
2025-10-13 17:36:09,684 - INFO - Using 62 features
2025-10-13 17:36:09,685 - INFO - Feature categories: {'technical': 3, 'fundamental': 9, 'text': 32, 'other': 18}
2025-10-13 17:36:09,685 - INFO - Normalizing features (Q1–Q7 only; Q8 excluded)...
2025-10-13 17:36:12,265 - INFO - Loaded 2390 valid sequences (7q -> Q8 target_price)
2025-10-13 17:36:12,608 - INFO - Loaded 466 valid sequences (7q -> Q8 target_price)
2025-10-13 17:36:13,045 - INFO - Loaded 597 valid sequences (7q -> Q8 target_price)
2025-10-13 17:36:13,045 - INFO - Dataset sizes — Train: 2390, Val: 466, Test: 597
2025-10-13 17:36:13,124 - INFO - Created model with 543,361 parameters
2025-10-13 17:36:13,124 - INFO - Architecture: 2-layer unidirectional LSTM (192 units) -> Attn+Residual-Head ( + y7_log ) -> \u0394log -> y8_log
2025-10-13 17:36:13,124 - INFO - ============================================================
2025-10-13 17:36:13,124 - INFO - STARTING TRAINING (log-space, residual to Q7)
2025-10-13 17:36:13,124 - INFO - ============================================================
2025-10-13 17:36:14,214 - INFO - Epoch 1/80
2025-10-13 17:36:14,214 - INFO -   Train Loss: 0.129151 | Val Loss: 0.066119
2025-10-13 17:36:14,214 - INFO -   Train MAPE: 0.2350 | Val MAPE: 0.1455
2025-10-13 17:36:14,214 - INFO -   Train RMSE (raw): 45.0910 | Val RMSE (raw): 26.2715
2025-10-13 17:36:14,214 - INFO -   Train IC: 0.9365 | Val IC: 0.9632
2025-10-13 17:36:14,223 - INFO -   Saved best model (val MAPE: 0.1455)
2025-10-13 17:36:14,397 - INFO - Epoch 2/80
2025-10-13 17:36:14,397 - INFO -   Train Loss: 0.077745 | Val Loss: 0.065743
2025-10-13 17:36:14,397 - INFO -   Train MAPE: 0.1783 | Val MAPE: 0.1450
2025-10-13 17:36:14,397 - INFO -   Train RMSE (raw): 33.9090 | Val RMSE (raw): 26.2353
2025-10-13 17:36:14,397 - INFO -   Train IC: 0.9634 | Val IC: 0.9635
2025-10-13 17:36:14,405 - INFO -   Saved best model (val MAPE: 0.1450)
2025-10-13 17:36:14,580 - INFO - Epoch 3/80
2025-10-13 17:36:14,580 - INFO -   Train Loss: 0.076627 | Val Loss: 0.067147
2025-10-13 17:36:14,580 - INFO -   Train MAPE: 0.1762 | Val MAPE: 0.1495
2025-10-13 17:36:14,580 - INFO -   Train RMSE (raw): 33.9071 | Val RMSE (raw): 25.6080
2025-10-13 17:36:14,580 - INFO -   Train IC: 0.9635 | Val IC: 0.9653
2025-10-13 17:36:14,754 - INFO - Epoch 4/80
2025-10-13 17:36:14,754 - INFO -   Train Loss: 0.073687 | Val Loss: 0.067074
2025-10-13 17:36:14,754 - INFO -   Train MAPE: 0.1725 | Val MAPE: 0.1498
2025-10-13 17:36:14,754 - INFO -   Train RMSE (raw): 33.8731 | Val RMSE (raw): 25.1897
2025-10-13 17:36:14,754 - INFO -   Train IC: 0.9638 | Val IC: 0.9669
2025-10-13 17:36:14,922 - INFO - Epoch 5/80
2025-10-13 17:36:14,922 - INFO -   Train Loss: 0.071326 | Val Loss: 0.076052
2025-10-13 17:36:14,922 - INFO -   Train MAPE: 0.1709 | Val MAPE: 0.1627
2025-10-13 17:36:14,922 - INFO -   Train RMSE (raw): 32.7425 | Val RMSE (raw): 26.6157
2025-10-13 17:36:14,922 - INFO -   Train IC: 0.9659 | Val IC: 0.9690
2025-10-13 17:36:15,091 - INFO - Epoch 6/80
2025-10-13 17:36:15,091 - INFO -   Train Loss: 0.067982 | Val Loss: 0.062729
2025-10-13 17:36:15,091 - INFO -   Train MAPE: 0.1651 | Val MAPE: 0.1420
2025-10-13 17:36:15,091 - INFO -   Train RMSE (raw): 31.8165 | Val RMSE (raw): 25.2600
2025-10-13 17:36:15,091 - INFO -   Train IC: 0.9690 | Val IC: 0.9665
2025-10-13 17:36:15,099 - INFO -   Saved best model (val MAPE: 0.1420)
2025-10-13 17:36:15,265 - INFO - Epoch 7/80
2025-10-13 17:36:15,265 - INFO -   Train Loss: 0.067585 | Val Loss: 0.062718
2025-10-13 17:36:15,265 - INFO -   Train MAPE: 0.1621 | Val MAPE: 0.1418
2025-10-13 17:36:15,265 - INFO -   Train RMSE (raw): 31.1589 | Val RMSE (raw): 24.6059
2025-10-13 17:36:15,265 - INFO -   Train IC: 0.9692 | Val IC: 0.9676
2025-10-13 17:36:15,271 - INFO -   Saved best model (val MAPE: 0.1418)
2025-10-13 17:36:15,433 - INFO - Epoch 8/80
2025-10-13 17:36:15,433 - INFO -   Train Loss: 0.065690 | Val Loss: 0.061950
2025-10-13 17:36:15,433 - INFO -   Train MAPE: 0.1630 | Val MAPE: 0.1406
2025-10-13 17:36:15,433 - INFO -   Train RMSE (raw): 31.5529 | Val RMSE (raw): 23.8422
2025-10-13 17:36:15,433 - INFO -   Train IC: 0.9690 | Val IC: 0.9697
2025-10-13 17:36:15,440 - INFO -   Saved best model (val MAPE: 0.1406)
2025-10-13 17:36:15,563 - INFO - Epoch 9/80
2025-10-13 17:36:15,563 - INFO -   Train Loss: 0.063772 | Val Loss: 0.076095
2025-10-13 17:36:15,563 - INFO -   Train MAPE: 0.1590 | Val MAPE: 0.1671
2025-10-13 17:36:15,563 - INFO -   Train RMSE (raw): 30.1226 | Val RMSE (raw): 25.9639
2025-10-13 17:36:15,563 - INFO -   Train IC: 0.9714 | Val IC: 0.9686
2025-10-13 17:36:15,684 - INFO - Epoch 10/80
2025-10-13 17:36:15,684 - INFO -   Train Loss: 0.061790 | Val Loss: 0.065893
2025-10-13 17:36:15,684 - INFO -   Train MAPE: 0.1555 | Val MAPE: 0.1491
2025-10-13 17:36:15,684 - INFO -   Train RMSE (raw): 31.0040 | Val RMSE (raw): 23.7927
2025-10-13 17:36:15,684 - INFO -   Train IC: 0.9699 | Val IC: 0.9701
2025-10-13 17:36:15,809 - INFO - Epoch 11/80
2025-10-13 17:36:15,809 - INFO -   Train Loss: 0.062089 | Val Loss: 0.062555
2025-10-13 17:36:15,809 - INFO -   Train MAPE: 0.1555 | Val MAPE: 0.1422
2025-10-13 17:36:15,809 - INFO -   Train RMSE (raw): 30.7246 | Val RMSE (raw): 23.4285
2025-10-13 17:36:15,809 - INFO -   Train IC: 0.9711 | Val IC: 0.9712
2025-10-13 17:36:15,926 - INFO - Epoch 12/80
2025-10-13 17:36:15,926 - INFO -   Train Loss: 0.061948 | Val Loss: 0.063609
2025-10-13 17:36:15,926 - INFO -   Train MAPE: 0.1538 | Val MAPE: 0.1458
2025-10-13 17:36:15,926 - INFO -   Train RMSE (raw): 30.2198 | Val RMSE (raw): 23.7804
2025-10-13 17:36:15,926 - INFO -   Train IC: 0.9716 | Val IC: 0.9703
2025-10-13 17:36:16,044 - INFO - Epoch 13/80
2025-10-13 17:36:16,044 - INFO -   Train Loss: 0.057817 | Val Loss: 0.069297
2025-10-13 17:36:16,044 - INFO -   Train MAPE: 0.1487 | Val MAPE: 0.1569
2025-10-13 17:36:16,044 - INFO -   Train RMSE (raw): 29.3363 | Val RMSE (raw): 25.0069
2025-10-13 17:36:16,044 - INFO -   Train IC: 0.9729 | Val IC: 0.9693
2025-10-13 17:36:16,165 - INFO - Epoch 14/80
2025-10-13 17:36:16,165 - INFO -   Train Loss: 0.056103 | Val Loss: 0.072122
2025-10-13 17:36:16,165 - INFO -   Train MAPE: 0.1457 | Val MAPE: 0.1610
2025-10-13 17:36:16,165 - INFO -   Train RMSE (raw): 27.5262 | Val RMSE (raw): 25.5528
2025-10-13 17:36:16,165 - INFO -   Train IC: 0.9765 | Val IC: 0.9684
2025-10-13 17:36:16,288 - INFO - Epoch 15/80
2025-10-13 17:36:16,288 - INFO -   Train Loss: 0.052495 | Val Loss: 0.067861
2025-10-13 17:36:16,288 - INFO -   Train MAPE: 0.1402 | Val MAPE: 0.1501
2025-10-13 17:36:16,288 - INFO -   Train RMSE (raw): 25.2196 | Val RMSE (raw): 25.0927
2025-10-13 17:36:16,288 - INFO -   Train IC: 0.9800 | Val IC: 0.9677
2025-10-13 17:36:16,424 - INFO - Epoch 16/80
2025-10-13 17:36:16,424 - INFO -   Train Loss: 0.049274 | Val Loss: 0.061525
2025-10-13 17:36:16,424 - INFO -   Train MAPE: 0.1341 | Val MAPE: 0.1415
2025-10-13 17:36:16,424 - INFO -   Train RMSE (raw): 27.5478 | Val RMSE (raw): 24.2361
2025-10-13 17:36:16,424 - INFO -   Train IC: 0.9760 | Val IC: 0.9688
2025-10-13 17:36:16,563 - INFO - Epoch 17/80
2025-10-13 17:36:16,563 - INFO -   Train Loss: 0.049259 | Val Loss: 0.062277
2025-10-13 17:36:16,563 - INFO -   Train MAPE: 0.1331 | Val MAPE: 0.1404
2025-10-13 17:36:16,563 - INFO -   Train RMSE (raw): 26.3642 | Val RMSE (raw): 25.3431
2025-10-13 17:36:16,563 - INFO -   Train IC: 0.9781 | Val IC: 0.9669
2025-10-13 17:36:16,569 - INFO -   Saved best model (val MAPE: 0.1404)
2025-10-13 17:36:16,710 - INFO - Epoch 18/80
2025-10-13 17:36:16,710 - INFO -   Train Loss: 0.044434 | Val Loss: 0.063955
2025-10-13 17:36:16,710 - INFO -   Train MAPE: 0.1272 | Val MAPE: 0.1449
2025-10-13 17:36:16,710 - INFO -   Train RMSE (raw): 22.5273 | Val RMSE (raw): 24.7373
2025-10-13 17:36:16,710 - INFO -   Train IC: 0.9840 | Val IC: 0.9680
2025-10-13 17:36:16,840 - INFO - Epoch 19/80
2025-10-13 17:36:16,840 - INFO -   Train Loss: 0.040945 | Val Loss: 0.069822
2025-10-13 17:36:16,840 - INFO -   Train MAPE: 0.1181 | Val MAPE: 0.1547
2025-10-13 17:36:16,840 - INFO -   Train RMSE (raw): 24.4040 | Val RMSE (raw): 26.0258
2025-10-13 17:36:16,840 - INFO -   Train IC: 0.9817 | Val IC: 0.9661
2025-10-13 17:36:16,957 - INFO - Epoch 20/80
2025-10-13 17:36:16,957 - INFO -   Train Loss: 0.037275 | Val Loss: 0.075094
2025-10-13 17:36:16,957 - INFO -   Train MAPE: 0.1127 | Val MAPE: 0.1662
2025-10-13 17:36:16,957 - INFO -   Train RMSE (raw): 22.7116 | Val RMSE (raw): 27.8010
2025-10-13 17:36:16,957 - INFO -   Train IC: 0.9841 | Val IC: 0.9646
2025-10-13 17:36:17,089 - INFO - Epoch 21/80
2025-10-13 17:36:17,089 - INFO -   Train Loss: 0.035967 | Val Loss: 0.060148
2025-10-13 17:36:17,090 - INFO -   Train MAPE: 0.1080 | Val MAPE: 0.1402
2025-10-13 17:36:17,090 - INFO -   Train RMSE (raw): 19.9903 | Val RMSE (raw): 24.5733
2025-10-13 17:36:17,090 - INFO -   Train IC: 0.9875 | Val IC: 0.9677
2025-10-13 17:36:17,097 - INFO -   Saved best model (val MAPE: 0.1402)
2025-10-13 17:36:17,224 - INFO - Epoch 22/80
2025-10-13 17:36:17,224 - INFO -   Train Loss: 0.031563 | Val Loss: 0.073104
2025-10-13 17:36:17,224 - INFO -   Train MAPE: 0.1015 | Val MAPE: 0.1621
2025-10-13 17:36:17,224 - INFO -   Train RMSE (raw): 20.0210 | Val RMSE (raw): 26.1185
2025-10-13 17:36:17,224 - INFO -   Train IC: 0.9874 | Val IC: 0.9676
2025-10-13 17:36:17,341 - INFO - Epoch 23/80
2025-10-13 17:36:17,341 - INFO -   Train Loss: 0.030172 | Val Loss: 0.058920
2025-10-13 17:36:17,341 - INFO -   Train MAPE: 0.0991 | Val MAPE: 0.1366
2025-10-13 17:36:17,341 - INFO -   Train RMSE (raw): 21.0200 | Val RMSE (raw): 24.4235
2025-10-13 17:36:17,341 - INFO -   Train IC: 0.9861 | Val IC: 0.9682
2025-10-13 17:36:17,348 - INFO -   Saved best model (val MAPE: 0.1366)
2025-10-13 17:36:17,481 - INFO - Epoch 24/80
2025-10-13 17:36:17,481 - INFO -   Train Loss: 0.027598 | Val Loss: 0.063965
2025-10-13 17:36:17,481 - INFO -   Train MAPE: 0.0942 | Val MAPE: 0.1461
2025-10-13 17:36:17,481 - INFO -   Train RMSE (raw): 19.0263 | Val RMSE (raw): 25.3874
2025-10-13 17:36:17,482 - INFO -   Train IC: 0.9886 | Val IC: 0.9669
2025-10-13 17:36:17,622 - INFO - Epoch 25/80
2025-10-13 17:36:17,622 - INFO -   Train Loss: 0.027362 | Val Loss: 0.069346
2025-10-13 17:36:17,622 - INFO -   Train MAPE: 0.0920 | Val MAPE: 0.1568
2025-10-13 17:36:17,622 - INFO -   Train RMSE (raw): 18.2556 | Val RMSE (raw): 26.3339
2025-10-13 17:36:17,622 - INFO -   Train IC: 0.9897 | Val IC: 0.9683
2025-10-13 17:36:17,761 - INFO - Epoch 26/80
2025-10-13 17:36:17,761 - INFO -   Train Loss: 0.027703 | Val Loss: 0.074576
2025-10-13 17:36:17,761 - INFO -   Train MAPE: 0.0940 | Val MAPE: 0.1691
2025-10-13 17:36:17,761 - INFO -   Train RMSE (raw): 18.3790 | Val RMSE (raw): 28.3313
2025-10-13 17:36:17,761 - INFO -   Train IC: 0.9894 | Val IC: 0.9655
2025-10-13 17:36:17,885 - INFO - Epoch 27/80
2025-10-13 17:36:17,886 - INFO -   Train Loss: 0.022975 | Val Loss: 0.058305
2025-10-13 17:36:17,886 - INFO -   Train MAPE: 0.0848 | Val MAPE: 0.1381
2025-10-13 17:36:17,886 - INFO -   Train RMSE (raw): 16.1843 | Val RMSE (raw): 24.4976
2025-10-13 17:36:17,886 - INFO -   Train IC: 0.9919 | Val IC: 0.9680
2025-10-13 17:36:18,003 - INFO - Epoch 28/80
2025-10-13 17:36:18,003 - INFO -   Train Loss: 0.022620 | Val Loss: 0.057976
2025-10-13 17:36:18,003 - INFO -   Train MAPE: 0.0817 | Val MAPE: 0.1365
2025-10-13 17:36:18,003 - INFO -   Train RMSE (raw): 17.8046 | Val RMSE (raw): 24.5754
2025-10-13 17:36:18,003 - INFO -   Train IC: 0.9901 | Val IC: 0.9677
2025-10-13 17:36:18,010 - INFO -   Saved best model (val MAPE: 0.1365)
2025-10-13 17:36:18,124 - INFO - Epoch 29/80
2025-10-13 17:36:18,124 - INFO -   Train Loss: 0.020024 | Val Loss: 0.060637
2025-10-13 17:36:18,124 - INFO -   Train MAPE: 0.0775 | Val MAPE: 0.1416
2025-10-13 17:36:18,124 - INFO -   Train RMSE (raw): 15.9063 | Val RMSE (raw): 24.6614
2025-10-13 17:36:18,124 - INFO -   Train IC: 0.9921 | Val IC: 0.9680
2025-10-13 17:36:18,262 - INFO - Epoch 30/80
2025-10-13 17:36:18,262 - INFO -   Train Loss: 0.020835 | Val Loss: 0.058196
2025-10-13 17:36:18,262 - INFO -   Train MAPE: 0.0790 | Val MAPE: 0.1373
2025-10-13 17:36:18,262 - INFO -   Train RMSE (raw): 16.5130 | Val RMSE (raw): 24.9080
2025-10-13 17:36:18,262 - INFO -   Train IC: 0.9915 | Val IC: 0.9672
2025-10-13 17:36:18,399 - INFO - Epoch 31/80
2025-10-13 17:36:18,399 - INFO -   Train Loss: 0.018837 | Val Loss: 0.059471
2025-10-13 17:36:18,399 - INFO -   Train MAPE: 0.0759 | Val MAPE: 0.1421
2025-10-13 17:36:18,399 - INFO -   Train RMSE (raw): 15.5353 | Val RMSE (raw): 25.8567
2025-10-13 17:36:18,399 - INFO -   Train IC: 0.9924 | Val IC: 0.9653
2025-10-13 17:36:18,543 - INFO - Epoch 32/80
2025-10-13 17:36:18,543 - INFO -   Train Loss: 0.022491 | Val Loss: 0.058078
2025-10-13 17:36:18,543 - INFO -   Train MAPE: 0.0971 | Val MAPE: 0.1386
2025-10-13 17:36:18,543 - INFO -   Train RMSE (raw): 333.5657 | Val RMSE (raw): 24.7827
2025-10-13 17:36:18,543 - INFO -   Train IC: 0.3804 | Val IC: 0.9674
2025-10-13 17:36:18,680 - INFO - Epoch 33/80
2025-10-13 17:36:18,680 - INFO -   Train Loss: 0.020136 | Val Loss: 0.057710
2025-10-13 17:36:18,680 - INFO -   Train MAPE: 0.0782 | Val MAPE: 0.1367
2025-10-13 17:36:18,680 - INFO -   Train RMSE (raw): 18.5717 | Val RMSE (raw): 25.4419
2025-10-13 17:36:18,680 - INFO -   Train IC: 0.9892 | Val IC: 0.9662
2025-10-13 17:36:18,818 - INFO - Epoch 34/80
2025-10-13 17:36:18,818 - INFO -   Train Loss: 0.018741 | Val Loss: 0.058829
2025-10-13 17:36:18,818 - INFO -   Train MAPE: 0.0739 | Val MAPE: 0.1399
2025-10-13 17:36:18,818 - INFO -   Train RMSE (raw): 18.4303 | Val RMSE (raw): 25.4752
2025-10-13 17:36:18,818 - INFO -   Train IC: 0.9894 | Val IC: 0.9664
2025-10-13 17:36:18,932 - INFO - Epoch 35/80
2025-10-13 17:36:18,932 - INFO -   Train Loss: 0.016997 | Val Loss: 0.056435
2025-10-13 17:36:18,932 - INFO -   Train MAPE: 0.0701 | Val MAPE: 0.1361
2025-10-13 17:36:18,932 - INFO -   Train RMSE (raw): 16.4962 | Val RMSE (raw): 24.9872
2025-10-13 17:36:18,932 - INFO -   Train IC: 0.9916 | Val IC: 0.9670
2025-10-13 17:36:18,939 - INFO -   Saved best model (val MAPE: 0.1361)
2025-10-13 17:36:19,081 - INFO - Epoch 36/80
2025-10-13 17:36:19,081 - INFO -   Train Loss: 0.017272 | Val Loss: 0.057806
2025-10-13 17:36:19,081 - INFO -   Train MAPE: 0.0708 | Val MAPE: 0.1393
2025-10-13 17:36:19,081 - INFO -   Train RMSE (raw): 17.3196 | Val RMSE (raw): 25.5184
2025-10-13 17:36:19,081 - INFO -   Train IC: 0.9906 | Val IC: 0.9662
2025-10-13 17:36:19,217 - INFO - Epoch 37/80
2025-10-13 17:36:19,217 - INFO -   Train Loss: 0.016848 | Val Loss: 0.058323
2025-10-13 17:36:19,217 - INFO -   Train MAPE: 0.0696 | Val MAPE: 0.1384
2025-10-13 17:36:19,217 - INFO -   Train RMSE (raw): 15.6176 | Val RMSE (raw): 25.3608
2025-10-13 17:36:19,217 - INFO -   Train IC: 0.9924 | Val IC: 0.9665
2025-10-13 17:36:19,359 - INFO - Epoch 38/80
2025-10-13 17:36:19,359 - INFO -   Train Loss: 0.017285 | Val Loss: 0.057867
2025-10-13 17:36:19,359 - INFO -   Train MAPE: 0.0701 | Val MAPE: 0.1376
2025-10-13 17:36:19,359 - INFO -   Train RMSE (raw): 14.4120 | Val RMSE (raw): 25.2152
2025-10-13 17:36:19,359 - INFO -   Train IC: 0.9935 | Val IC: 0.9666
2025-10-13 17:36:19,479 - INFO - Epoch 39/80
2025-10-13 17:36:19,479 - INFO -   Train Loss: 0.015193 | Val Loss: 0.056463
2025-10-13 17:36:19,479 - INFO -   Train MAPE: 0.0664 | Val MAPE: 0.1353
2025-10-13 17:36:19,479 - INFO -   Train RMSE (raw): 13.9051 | Val RMSE (raw): 24.9753
2025-10-13 17:36:19,479 - INFO -   Train IC: 0.9940 | Val IC: 0.9670
2025-10-13 17:36:19,485 - INFO -   Saved best model (val MAPE: 0.1353)
2025-10-13 17:36:19,599 - INFO - Epoch 40/80
2025-10-13 17:36:19,599 - INFO -   Train Loss: 0.013504 | Val Loss: 0.057765
2025-10-13 17:36:19,599 - INFO -   Train MAPE: 0.0619 | Val MAPE: 0.1372
2025-10-13 17:36:19,599 - INFO -   Train RMSE (raw): 13.8471 | Val RMSE (raw): 25.2343
2025-10-13 17:36:19,599 - INFO -   Train IC: 0.9940 | Val IC: 0.9661
2025-10-13 17:36:19,714 - INFO - Epoch 41/80
2025-10-13 17:36:19,714 - INFO -   Train Loss: 0.013992 | Val Loss: 0.060236
2025-10-13 17:36:19,714 - INFO -   Train MAPE: 0.0632 | Val MAPE: 0.1416
2025-10-13 17:36:19,714 - INFO -   Train RMSE (raw): 13.3186 | Val RMSE (raw): 25.6335
2025-10-13 17:36:19,714 - INFO -   Train IC: 0.9945 | Val IC: 0.9663
2025-10-13 17:36:19,831 - INFO - Epoch 42/80
2025-10-13 17:36:19,831 - INFO -   Train Loss: 0.012663 | Val Loss: 0.065270
2025-10-13 17:36:19,831 - INFO -   Train MAPE: 0.0595 | Val MAPE: 0.1506
2025-10-13 17:36:19,831 - INFO -   Train RMSE (raw): 13.4483 | Val RMSE (raw): 25.9753
2025-10-13 17:36:19,831 - INFO -   Train IC: 0.9943 | Val IC: 0.9664
2025-10-13 17:36:19,944 - INFO - Epoch 43/80
2025-10-13 17:36:19,944 - INFO -   Train Loss: 0.011572 | Val Loss: 0.064377
2025-10-13 17:36:19,944 - INFO -   Train MAPE: 0.0567 | Val MAPE: 0.1492
2025-10-13 17:36:19,944 - INFO -   Train RMSE (raw): 11.0175 | Val RMSE (raw): 25.9855
2025-10-13 17:36:19,945 - INFO -   Train IC: 0.9962 | Val IC: 0.9668
2025-10-13 17:36:20,071 - INFO - Epoch 44/80
2025-10-13 17:36:20,071 - INFO -   Train Loss: 0.012956 | Val Loss: 0.064154
2025-10-13 17:36:20,071 - INFO -   Train MAPE: 0.0603 | Val MAPE: 0.1475
2025-10-13 17:36:20,071 - INFO -   Train RMSE (raw): 12.5690 | Val RMSE (raw): 26.3923
2025-10-13 17:36:20,071 - INFO -   Train IC: 0.9951 | Val IC: 0.9652
2025-10-13 17:36:20,208 - INFO - Epoch 45/80
2025-10-13 17:36:20,208 - INFO -   Train Loss: 0.011711 | Val Loss: 0.061409
2025-10-13 17:36:20,208 - INFO -   Train MAPE: 0.0562 | Val MAPE: 0.1429
2025-10-13 17:36:20,208 - INFO -   Train RMSE (raw): 10.3018 | Val RMSE (raw): 25.9272
2025-10-13 17:36:20,209 - INFO -   Train IC: 0.9967 | Val IC: 0.9658
2025-10-13 17:36:20,343 - INFO - Epoch 46/80
2025-10-13 17:36:20,343 - INFO -   Train Loss: 0.012266 | Val Loss: 0.062922
2025-10-13 17:36:20,343 - INFO -   Train MAPE: 0.0578 | Val MAPE: 0.1447
2025-10-13 17:36:20,343 - INFO -   Train RMSE (raw): 12.9226 | Val RMSE (raw): 26.1978
2025-10-13 17:36:20,343 - INFO -   Train IC: 0.9948 | Val IC: 0.9651
2025-10-13 17:36:20,470 - INFO - Epoch 47/80
2025-10-13 17:36:20,470 - INFO -   Train Loss: 0.012211 | Val Loss: 0.060468
2025-10-13 17:36:20,470 - INFO -   Train MAPE: 0.0578 | Val MAPE: 0.1415
2025-10-13 17:36:20,470 - INFO -   Train RMSE (raw): 11.8335 | Val RMSE (raw): 25.7647
2025-10-13 17:36:20,470 - INFO -   Train IC: 0.9956 | Val IC: 0.9659
2025-10-13 17:36:20,595 - INFO - Epoch 48/80
2025-10-13 17:36:20,595 - INFO -   Train Loss: 0.011904 | Val Loss: 0.063521
2025-10-13 17:36:20,595 - INFO -   Train MAPE: 0.0557 | Val MAPE: 0.1474
2025-10-13 17:36:20,595 - INFO -   Train RMSE (raw): 13.7484 | Val RMSE (raw): 25.8499
2025-10-13 17:36:20,595 - INFO -   Train IC: 0.9941 | Val IC: 0.9668
2025-10-13 17:36:20,715 - INFO - Epoch 49/80
2025-10-13 17:36:20,715 - INFO -   Train Loss: 0.011368 | Val Loss: 0.062762
2025-10-13 17:36:20,715 - INFO -   Train MAPE: 0.0575 | Val MAPE: 0.1469
2025-10-13 17:36:20,715 - INFO -   Train RMSE (raw): 12.1008 | Val RMSE (raw): 26.4338
2025-10-13 17:36:20,715 - INFO -   Train IC: 0.9954 | Val IC: 0.9655
2025-10-13 17:36:20,835 - INFO - Epoch 50/80
2025-10-13 17:36:20,836 - INFO -   Train Loss: 0.011283 | Val Loss: 0.063902
2025-10-13 17:36:20,836 - INFO -   Train MAPE: 0.0544 | Val MAPE: 0.1508
2025-10-13 17:36:20,836 - INFO -   Train RMSE (raw): 12.6934 | Val RMSE (raw): 26.5209
2025-10-13 17:36:20,836 - INFO -   Train IC: 0.9950 | Val IC: 0.9664
2025-10-13 17:36:20,953 - INFO - Epoch 51/80
2025-10-13 17:36:20,953 - INFO -   Train Loss: 0.010835 | Val Loss: 0.057642
2025-10-13 17:36:20,954 - INFO -   Train MAPE: 0.0537 | Val MAPE: 0.1385
2025-10-13 17:36:20,954 - INFO -   Train RMSE (raw): 10.3986 | Val RMSE (raw): 24.8904
2025-10-13 17:36:20,954 - INFO -   Train IC: 0.9966 | Val IC: 0.9676
2025-10-13 17:36:20,954 - INFO - Early stopping triggered after 51 epochs
2025-10-13 17:36:20,956 - INFO - Optimal epoch count saved: 39
2025-10-13 17:36:20,956 - INFO - ============================================================
2025-10-13 17:36:20,956 - INFO - TRAINING COMPLETE
2025-10-13 17:36:20,956 - INFO - ============================================================
2025-10-13 17:36:20,957 - INFO - ================================================================================
2025-10-13 17:36:20,957 - INFO - STEP 1 COMPLETE: Optimal epochs = 39
2025-10-13 17:36:20,957 - INFO - ================================================================================
2025-10-13 17:36:20,957 - INFO - 
2025-10-13 17:36:20,957 - INFO - ================================================================================
2025-10-13 17:36:20,957 - INFO - STEP 2: Retraining on ALL data for 39 epochs...
2025-10-13 17:36:20,957 - INFO - ================================================================================
2025-10-13 17:36:20,957 - INFO - Using device: cuda
2025-10-13 17:36:20,957 - INFO - Loading train: data_pipeline\data\sequences_8q_train.parquet
2025-10-13 17:36:20,965 - INFO - Loading val:   data_pipeline\data\sequences_8q_val.parquet
2025-10-13 17:36:20,970 - INFO - Loading test:  data_pipeline\data\sequences_8q_test.parquet
2025-10-13 17:36:20,976 - INFO - Train: 19120 rows, 2390 sequences, 101 tickers
2025-10-13 17:36:20,977 - INFO - Val: 3728 rows, 466 sequences, 22 tickers
2025-10-13 17:36:20,977 - INFO - Test: 4776 rows, 597 sequences, 21 tickers
2025-10-13 17:36:20,977 - INFO - Using 62 features
2025-10-13 17:36:20,977 - INFO - Feature categories: {'technical': 3, 'fundamental': 9, 'text': 32, 'other': 18}
2025-10-13 17:36:20,977 - INFO - ============================================================
2025-10-13 17:36:20,977 - INFO - COMBINING ALL DATA (train+val+test) FOR FINAL TRAINING
2025-10-13 17:36:20,977 - INFO - ============================================================
2025-10-13 17:36:20,982 - INFO - Combined: 27624 rows, 3453 sequences, 144 tickers
2025-10-13 17:36:25,986 - INFO - Loaded 3453 valid sequences (7q -> Q8 target_price)
2025-10-13 17:36:25,986 - INFO - Dataset size — Combined: 3453
2025-10-13 17:36:25,989 - INFO - Created model with 543,361 parameters
2025-10-13 17:36:25,989 - INFO - Architecture: 2-layer unidirectional LSTM (192 units) -> Attn+Residual-Head ( + y7_log ) -> \u0394log -> y8_log
2025-10-13 17:36:25,989 - INFO - ============================================================
2025-10-13 17:36:25,989 - INFO - TRAINING FOR FIXED 39 EPOCHS (no validation)
2025-10-13 17:36:25,989 - INFO - ============================================================
2025-10-13 17:36:26,173 - INFO - Epoch 1/39
2025-10-13 17:36:26,173 - INFO -   Train Loss: 0.119005
2025-10-13 17:36:26,173 - INFO -   Train MAPE: 0.2779
2025-10-13 17:36:26,173 - INFO -   Train RMSE (raw): 67.4057
2025-10-13 17:36:26,173 - INFO -   Train IC: 0.8692
2025-10-13 17:36:26,384 - INFO - Epoch 2/39
2025-10-13 17:36:26,384 - INFO -   Train Loss: 0.071701
2025-10-13 17:36:26,384 - INFO -   Train MAPE: 0.1686
2025-10-13 17:36:26,384 - INFO -   Train RMSE (raw): 31.6137
2025-10-13 17:36:26,384 - INFO -   Train IC: 0.9648
2025-10-13 17:36:26,554 - INFO - Epoch 3/39
2025-10-13 17:36:26,554 - INFO -   Train Loss: 0.068662
2025-10-13 17:36:26,554 - INFO -   Train MAPE: 0.1655
2025-10-13 17:36:26,554 - INFO -   Train RMSE (raw): 30.8894
2025-10-13 17:36:26,554 - INFO -   Train IC: 0.9662
2025-10-13 17:36:26,732 - INFO - Epoch 4/39
2025-10-13 17:36:26,732 - INFO -   Train Loss: 0.066135
2025-10-13 17:36:26,732 - INFO -   Train MAPE: 0.1612
2025-10-13 17:36:26,732 - INFO -   Train RMSE (raw): 30.2738
2025-10-13 17:36:26,732 - INFO -   Train IC: 0.9676
2025-10-13 17:36:26,916 - INFO - Epoch 5/39
2025-10-13 17:36:26,916 - INFO -   Train Loss: 0.065313
2025-10-13 17:36:26,916 - INFO -   Train MAPE: 0.1610
2025-10-13 17:36:26,916 - INFO -   Train RMSE (raw): 30.3284
2025-10-13 17:36:26,916 - INFO -   Train IC: 0.9678
2025-10-13 17:36:27,071 - INFO - Epoch 6/39
2025-10-13 17:36:27,071 - INFO -   Train Loss: 0.063893
2025-10-13 17:36:27,071 - INFO -   Train MAPE: 0.1589
2025-10-13 17:36:27,071 - INFO -   Train RMSE (raw): 29.1024
2025-10-13 17:36:27,071 - INFO -   Train IC: 0.9703
2025-10-13 17:36:27,231 - INFO - Epoch 7/39
2025-10-13 17:36:27,231 - INFO -   Train Loss: 0.063111
2025-10-13 17:36:27,231 - INFO -   Train MAPE: 0.1571
2025-10-13 17:36:27,231 - INFO -   Train RMSE (raw): 29.5959
2025-10-13 17:36:27,231 - INFO -   Train IC: 0.9691
2025-10-13 17:36:27,416 - INFO - Epoch 8/39
2025-10-13 17:36:27,416 - INFO -   Train Loss: 0.061570
2025-10-13 17:36:27,416 - INFO -   Train MAPE: 0.1540
2025-10-13 17:36:27,416 - INFO -   Train RMSE (raw): 30.1347
2025-10-13 17:36:27,416 - INFO -   Train IC: 0.9679
2025-10-13 17:36:27,595 - INFO - Epoch 9/39
2025-10-13 17:36:27,595 - INFO -   Train Loss: 0.059171
2025-10-13 17:36:27,595 - INFO -   Train MAPE: 0.1506
2025-10-13 17:36:27,595 - INFO -   Train RMSE (raw): 27.8081
2025-10-13 17:36:27,595 - INFO -   Train IC: 0.9727
2025-10-13 17:36:27,778 - INFO - Epoch 10/39
2025-10-13 17:36:27,778 - INFO -   Train Loss: 0.058294
2025-10-13 17:36:27,778 - INFO -   Train MAPE: 0.1494
2025-10-13 17:36:27,778 - INFO -   Train RMSE (raw): 27.8833
2025-10-13 17:36:27,779 - INFO -   Train IC: 0.9726
2025-10-13 17:36:27,959 - INFO - Epoch 11/39
2025-10-13 17:36:27,959 - INFO -   Train Loss: 0.054713
2025-10-13 17:36:27,959 - INFO -   Train MAPE: 0.1446
2025-10-13 17:36:27,959 - INFO -   Train RMSE (raw): 27.0274
2025-10-13 17:36:27,959 - INFO -   Train IC: 0.9742
2025-10-13 17:36:28,119 - INFO - Epoch 12/39
2025-10-13 17:36:28,119 - INFO -   Train Loss: 0.052400
2025-10-13 17:36:28,119 - INFO -   Train MAPE: 0.1399
2025-10-13 17:36:28,119 - INFO -   Train RMSE (raw): 26.1415
2025-10-13 17:36:28,119 - INFO -   Train IC: 0.9761
2025-10-13 17:36:28,283 - INFO - Epoch 13/39
2025-10-13 17:36:28,283 - INFO -   Train Loss: 0.050269
2025-10-13 17:36:28,283 - INFO -   Train MAPE: 0.1363
2025-10-13 17:36:28,284 - INFO -   Train RMSE (raw): 25.7163
2025-10-13 17:36:28,284 - INFO -   Train IC: 0.9770
2025-10-13 17:36:28,439 - INFO - Epoch 14/39
2025-10-13 17:36:28,439 - INFO -   Train Loss: 0.047737
2025-10-13 17:36:28,439 - INFO -   Train MAPE: 0.1323
2025-10-13 17:36:28,439 - INFO -   Train RMSE (raw): 25.0396
2025-10-13 17:36:28,439 - INFO -   Train IC: 0.9783
2025-10-13 17:36:28,596 - INFO - Epoch 15/39
2025-10-13 17:36:28,596 - INFO -   Train Loss: 0.045435
2025-10-13 17:36:28,596 - INFO -   Train MAPE: 0.1278
2025-10-13 17:36:28,596 - INFO -   Train RMSE (raw): 23.5688
2025-10-13 17:36:28,596 - INFO -   Train IC: 0.9808
2025-10-13 17:36:28,753 - INFO - Epoch 16/39
2025-10-13 17:36:28,753 - INFO -   Train Loss: 0.042716
2025-10-13 17:36:28,753 - INFO -   Train MAPE: 0.1220
2025-10-13 17:36:28,753 - INFO -   Train RMSE (raw): 23.3221
2025-10-13 17:36:28,753 - INFO -   Train IC: 0.9809
2025-10-13 17:36:28,909 - INFO - Epoch 17/39
2025-10-13 17:36:28,909 - INFO -   Train Loss: 0.041105
2025-10-13 17:36:28,909 - INFO -   Train MAPE: 0.1187
2025-10-13 17:36:28,909 - INFO -   Train RMSE (raw): 23.2295
2025-10-13 17:36:28,909 - INFO -   Train IC: 0.9813
2025-10-13 17:36:29,080 - INFO - Epoch 18/39
2025-10-13 17:36:29,080 - INFO -   Train Loss: 0.035397
2025-10-13 17:36:29,080 - INFO -   Train MAPE: 0.1095
2025-10-13 17:36:29,080 - INFO -   Train RMSE (raw): 22.5865
2025-10-13 17:36:29,080 - INFO -   Train IC: 0.9821
2025-10-13 17:36:29,244 - INFO - Epoch 19/39
2025-10-13 17:36:29,244 - INFO -   Train Loss: 0.032805
2025-10-13 17:36:29,244 - INFO -   Train MAPE: 0.1043
2025-10-13 17:36:29,244 - INFO -   Train RMSE (raw): 19.5089
2025-10-13 17:36:29,244 - INFO -   Train IC: 0.9867
2025-10-13 17:36:29,417 - INFO - Epoch 20/39
2025-10-13 17:36:29,417 - INFO -   Train Loss: 0.029361
2025-10-13 17:36:29,417 - INFO -   Train MAPE: 0.0975
2025-10-13 17:36:29,417 - INFO -   Train RMSE (raw): 19.3801
2025-10-13 17:36:29,417 - INFO -   Train IC: 0.9869
2025-10-13 17:36:29,570 - INFO - Epoch 21/39
2025-10-13 17:36:29,570 - INFO -   Train Loss: 0.026025
2025-10-13 17:36:29,570 - INFO -   Train MAPE: 0.0922
2025-10-13 17:36:29,570 - INFO -   Train RMSE (raw): 17.8531
2025-10-13 17:36:29,570 - INFO -   Train IC: 0.9888
2025-10-13 17:36:29,760 - INFO - Epoch 22/39
2025-10-13 17:36:29,760 - INFO -   Train Loss: 0.025090
2025-10-13 17:36:29,760 - INFO -   Train MAPE: 0.0890
2025-10-13 17:36:29,760 - INFO -   Train RMSE (raw): 18.5027
2025-10-13 17:36:29,760 - INFO -   Train IC: 0.9880
2025-10-13 17:36:29,918 - INFO - Epoch 23/39
2025-10-13 17:36:29,918 - INFO -   Train Loss: 0.021349
2025-10-13 17:36:29,918 - INFO -   Train MAPE: 0.0809
2025-10-13 17:36:29,918 - INFO -   Train RMSE (raw): 15.6507
2025-10-13 17:36:29,918 - INFO -   Train IC: 0.9914
2025-10-13 17:36:30,076 - INFO - Epoch 24/39
2025-10-13 17:36:30,076 - INFO -   Train Loss: 0.020815
2025-10-13 17:36:30,076 - INFO -   Train MAPE: 0.0802
2025-10-13 17:36:30,076 - INFO -   Train RMSE (raw): 14.6414
2025-10-13 17:36:30,076 - INFO -   Train IC: 0.9925
2025-10-13 17:36:30,258 - INFO - Epoch 25/39
2025-10-13 17:36:30,258 - INFO -   Train Loss: 0.019105
2025-10-13 17:36:30,258 - INFO -   Train MAPE: 0.0772
2025-10-13 17:36:30,258 - INFO -   Train RMSE (raw): 16.0163
2025-10-13 17:36:30,258 - INFO -   Train IC: 0.9910
2025-10-13 17:36:30,435 - INFO - Epoch 26/39
2025-10-13 17:36:30,435 - INFO -   Train Loss: 0.016745
2025-10-13 17:36:30,435 - INFO -   Train MAPE: 0.0727
2025-10-13 17:36:30,435 - INFO -   Train RMSE (raw): 14.7160
2025-10-13 17:36:30,435 - INFO -   Train IC: 0.9925
2025-10-13 17:36:30,621 - INFO - Epoch 27/39
2025-10-13 17:36:30,621 - INFO -   Train Loss: 0.016858
2025-10-13 17:36:30,621 - INFO -   Train MAPE: 0.0716
2025-10-13 17:36:30,621 - INFO -   Train RMSE (raw): 13.8134
2025-10-13 17:36:30,621 - INFO -   Train IC: 0.9933
2025-10-13 17:36:30,808 - INFO - Epoch 28/39
2025-10-13 17:36:30,808 - INFO -   Train Loss: 0.014828
2025-10-13 17:36:30,808 - INFO -   Train MAPE: 0.0675
2025-10-13 17:36:30,808 - INFO -   Train RMSE (raw): 12.1251
2025-10-13 17:36:30,809 - INFO -   Train IC: 0.9949
2025-10-13 17:36:30,968 - INFO - Epoch 29/39
2025-10-13 17:36:30,968 - INFO -   Train Loss: 0.014552
2025-10-13 17:36:30,968 - INFO -   Train MAPE: 0.0660
2025-10-13 17:36:30,968 - INFO -   Train RMSE (raw): 13.3036
2025-10-13 17:36:30,968 - INFO -   Train IC: 0.9938
2025-10-13 17:36:31,118 - INFO - Epoch 30/39
2025-10-13 17:36:31,118 - INFO -   Train Loss: 0.013686
2025-10-13 17:36:31,118 - INFO -   Train MAPE: 0.0649
2025-10-13 17:36:31,118 - INFO -   Train RMSE (raw): 12.4208
2025-10-13 17:36:31,118 - INFO -   Train IC: 0.9946
2025-10-13 17:36:31,290 - INFO - Epoch 31/39
2025-10-13 17:36:31,290 - INFO -   Train Loss: 0.013650
2025-10-13 17:36:31,290 - INFO -   Train MAPE: 0.0650
2025-10-13 17:36:31,291 - INFO -   Train RMSE (raw): 13.7718
2025-10-13 17:36:31,291 - INFO -   Train IC: 0.9934
2025-10-13 17:36:31,441 - INFO - Epoch 32/39
2025-10-13 17:36:31,441 - INFO -   Train Loss: 0.012672
2025-10-13 17:36:31,441 - INFO -   Train MAPE: 0.0619
2025-10-13 17:36:31,441 - INFO -   Train RMSE (raw): 12.1708
2025-10-13 17:36:31,441 - INFO -   Train IC: 0.9948
2025-10-13 17:36:31,604 - INFO - Epoch 33/39
2025-10-13 17:36:31,604 - INFO -   Train Loss: 0.013221
2025-10-13 17:36:31,604 - INFO -   Train MAPE: 0.0621
2025-10-13 17:36:31,604 - INFO -   Train RMSE (raw): 11.8494
2025-10-13 17:36:31,604 - INFO -   Train IC: 0.9951
2025-10-13 17:36:31,774 - INFO - Epoch 34/39
2025-10-13 17:36:31,774 - INFO -   Train Loss: 0.012334
2025-10-13 17:36:31,774 - INFO -   Train MAPE: 0.0603
2025-10-13 17:36:31,774 - INFO -   Train RMSE (raw): 12.2108
2025-10-13 17:36:31,774 - INFO -   Train IC: 0.9948
2025-10-13 17:36:31,929 - INFO - Epoch 35/39
2025-10-13 17:36:31,929 - INFO -   Train Loss: 0.012154
2025-10-13 17:36:31,929 - INFO -   Train MAPE: 0.0605
2025-10-13 17:36:31,929 - INFO -   Train RMSE (raw): 12.5584
2025-10-13 17:36:31,929 - INFO -   Train IC: 0.9945
2025-10-13 17:36:32,079 - INFO - Epoch 36/39
2025-10-13 17:36:32,079 - INFO -   Train Loss: 0.012543
2025-10-13 17:36:32,079 - INFO -   Train MAPE: 0.0610
2025-10-13 17:36:32,079 - INFO -   Train RMSE (raw): 11.5920
2025-10-13 17:36:32,079 - INFO -   Train IC: 0.9953
2025-10-13 17:36:32,250 - INFO - Epoch 37/39
2025-10-13 17:36:32,250 - INFO -   Train Loss: 0.011946
2025-10-13 17:36:32,250 - INFO -   Train MAPE: 0.0592
2025-10-13 17:36:32,250 - INFO -   Train RMSE (raw): 12.6502
2025-10-13 17:36:32,250 - INFO -   Train IC: 0.9944
2025-10-13 17:36:32,438 - INFO - Epoch 38/39
2025-10-13 17:36:32,438 - INFO -   Train Loss: 0.011627
2025-10-13 17:36:32,438 - INFO -   Train MAPE: 0.0589
2025-10-13 17:36:32,438 - INFO -   Train RMSE (raw): 12.1694
2025-10-13 17:36:32,438 - INFO -   Train IC: 0.9948
2025-10-13 17:36:32,624 - INFO - Epoch 39/39
2025-10-13 17:36:32,624 - INFO -   Train Loss: 0.011988
2025-10-13 17:36:32,624 - INFO -   Train MAPE: 0.0594
2025-10-13 17:36:32,624 - INFO -   Train RMSE (raw): 11.0409
2025-10-13 17:36:32,624 - INFO -   Train IC: 0.9958
2025-10-13 17:36:32,631 - INFO -   Saved final model to final_model_all_data.pt
2025-10-13 17:36:32,632 - INFO - ============================================================
2025-10-13 17:36:32,632 - INFO - FIXED-EPOCH TRAINING COMPLETE
2025-10-13 17:36:32,632 - INFO - ============================================================
2025-10-13 17:36:32,632 - INFO - ================================================================================
2025-10-13 17:36:32,632 - INFO - RETRAINING COMPLETE!
2025-10-13 17:36:32,632 - INFO - ================================================================================
[SUCCESS] Retraining on all data complete!
[OPTIMAL EPOCHS] 39
[FINAL MODEL] Saved to models\final_model_all_data.pt
